[2026-04-10T12:49:13.434+0000] {taskinstance.py:1956} INFO - Dependencies all met for dep_context=non-requeueable deps ti=<TaskInstance: pipeline_dvf_immobilier.generer_rapport manual__2026-04-10T12:44:05.768962+00:00 [queued]>
[2026-04-10T12:49:13.445+0000] {taskinstance.py:1956} INFO - Dependencies all met for dep_context=requeueable deps ti=<TaskInstance: pipeline_dvf_immobilier.generer_rapport manual__2026-04-10T12:44:05.768962+00:00 [queued]>
[2026-04-10T12:49:13.445+0000] {taskinstance.py:2170} INFO - Starting attempt 1 of 2
[2026-04-10T12:49:13.460+0000] {taskinstance.py:2191} INFO - Executing <Task(_PythonDecoratedOperator): generer_rapport> on 2026-04-10 12:44:05.768962+00:00
[2026-04-10T12:49:13.465+0000] {standard_task_runner.py:60} INFO - Started process 284 to run task
[2026-04-10T12:49:13.468+0000] {standard_task_runner.py:87} INFO - Running: ['***', 'tasks', 'run', 'pipeline_dvf_immobilier', 'generer_rapport', 'manual__2026-04-10T12:44:05.768962+00:00', '--job-id', '7', '--raw', '--subdir', 'DAGS_FOLDER/dag_dvf.py', '--cfg-path', '/tmp/tmp2k6goy_i']
[2026-04-10T12:49:13.470+0000] {standard_task_runner.py:88} INFO - Job 7: Subtask generer_rapport
[2026-04-10T12:49:13.526+0000] {task_command.py:423} INFO - Running <TaskInstance: pipeline_dvf_immobilier.generer_rapport manual__2026-04-10T12:44:05.768962+00:00 [running]> on host 589a27fa1088
[2026-04-10T12:49:13.741+0000] {taskinstance.py:2480} INFO - Exporting env vars: AIRFLOW_CTX_DAG_OWNER='antigravity' AIRFLOW_CTX_DAG_ID='pipeline_dvf_immobilier' AIRFLOW_CTX_TASK_ID='generer_rapport' AIRFLOW_CTX_EXECUTION_DATE='2026-04-10T12:44:05.768962+00:00' AIRFLOW_CTX_TRY_NUMBER='1' AIRFLOW_CTX_DAG_RUN_ID='manual__2026-04-10T12:44:05.768962+00:00'
[2026-04-10T12:49:13.748+0000] {dag_dvf.py:334} ERROR - Error in generer_rapport: The conn_id `dvf_postgres` isn't defined
[2026-04-10T12:49:13.756+0000] {taskinstance.py:2698} ERROR - Task failed with exception
Traceback (most recent call last):
  File "/home/airflow/.local/lib/python3.8/site-packages/airflow/models/taskinstance.py", line 433, in _execute_task
    result = execute_callable(context=context, **execute_callable_kwargs)
  File "/home/airflow/.local/lib/python3.8/site-packages/airflow/decorators/base.py", line 241, in execute
    return_value = super().execute(context)
  File "/home/airflow/.local/lib/python3.8/site-packages/airflow/operators/python.py", line 199, in execute
    return_value = self.execute_callable()
  File "/home/airflow/.local/lib/python3.8/site-packages/airflow/operators/python.py", line 216, in execute_callable
    return self.python_callable(*self.op_args, **self.op_kwargs)
  File "/opt/airflow/dags/dag_dvf.py", line 309, in generer_rapport
    rows = pg_hook.get_records("""
  File "/home/airflow/.local/lib/python3.8/site-packages/airflow/providers/common/sql/hooks/sql.py", line 261, in get_records
    return self.run(sql=sql, parameters=parameters, handler=fetch_all_handler)
  File "/home/airflow/.local/lib/python3.8/site-packages/airflow/providers/common/sql/hooks/sql.py", line 391, in run
    with closing(self.get_conn()) as conn:
  File "/home/airflow/.local/lib/python3.8/site-packages/airflow/providers/postgres/hooks/postgres.py", line 128, in get_conn
    conn = deepcopy(self.connection or self.get_connection(conn_id))
  File "/home/airflow/.local/lib/python3.8/site-packages/airflow/hooks/base.py", line 82, in get_connection
    conn = Connection.get_connection_from_secrets(conn_id)
  File "/home/airflow/.local/lib/python3.8/site-packages/airflow/models/connection.py", line 479, in get_connection_from_secrets
    raise AirflowNotFoundException(f"The conn_id `{conn_id}` isn't defined")
airflow.exceptions.AirflowNotFoundException: The conn_id `dvf_postgres` isn't defined
[2026-04-10T12:49:13.761+0000] {taskinstance.py:1138} INFO - Marking task as UP_FOR_RETRY. dag_id=pipeline_dvf_immobilier, task_id=generer_rapport, execution_date=20260410T124405, start_date=20260410T124913, end_date=20260410T124913
[2026-04-10T12:49:13.772+0000] {standard_task_runner.py:107} ERROR - Failed to execute job 7 for task generer_rapport (The conn_id `dvf_postgres` isn't defined; 284)
[2026-04-10T12:49:13.801+0000] {local_task_job_runner.py:234} INFO - Task exited with return code 1
[2026-04-10T12:49:13.820+0000] {taskinstance.py:3280} INFO - 0 downstream tasks scheduled from follow-on schedule check
