[2026-04-10T13:07:38.423+0000] {taskinstance.py:1956} INFO - Dependencies all met for dep_context=non-requeueable deps ti=<TaskInstance: pipeline_dvf_immobilier.generer_rapport manual__2026-04-10T13:00:49.261091+00:00 [queued]>
[2026-04-10T13:07:38.436+0000] {taskinstance.py:1956} INFO - Dependencies all met for dep_context=requeueable deps ti=<TaskInstance: pipeline_dvf_immobilier.generer_rapport manual__2026-04-10T13:00:49.261091+00:00 [queued]>
[2026-04-10T13:07:38.437+0000] {taskinstance.py:2170} INFO - Starting attempt 1 of 2
[2026-04-10T13:07:38.455+0000] {taskinstance.py:2191} INFO - Executing <Task(_PythonDecoratedOperator): generer_rapport> on 2026-04-10 13:00:49.261091+00:00
[2026-04-10T13:07:38.463+0000] {standard_task_runner.py:60} INFO - Started process 238 to run task
[2026-04-10T13:07:38.469+0000] {standard_task_runner.py:87} INFO - Running: ['***', 'tasks', 'run', 'pipeline_dvf_immobilier', 'generer_rapport', 'manual__2026-04-10T13:00:49.261091+00:00', '--job-id', '19', '--raw', '--subdir', 'DAGS_FOLDER/dag_dvf.py', '--cfg-path', '/tmp/tmpcxs5cqrc']
[2026-04-10T13:07:38.473+0000] {standard_task_runner.py:88} INFO - Job 19: Subtask generer_rapport
[2026-04-10T13:07:38.567+0000] {task_command.py:423} INFO - Running <TaskInstance: pipeline_dvf_immobilier.generer_rapport manual__2026-04-10T13:00:49.261091+00:00 [running]> on host 47d9fcb38104
[2026-04-10T13:07:38.940+0000] {taskinstance.py:2480} INFO - Exporting env vars: AIRFLOW_CTX_DAG_OWNER='antigravity' AIRFLOW_CTX_DAG_ID='pipeline_dvf_immobilier' AIRFLOW_CTX_TASK_ID='generer_rapport' AIRFLOW_CTX_EXECUTION_DATE='2026-04-10T13:00:49.261091+00:00' AIRFLOW_CTX_TRY_NUMBER='1' AIRFLOW_CTX_DAG_RUN_ID='manual__2026-04-10T13:00:49.261091+00:00'
[2026-04-10T13:07:38.942+0000] {crypto.py:82} WARNING - empty cryptography key - values will not be stored encrypted.
[2026-04-10T13:07:38.943+0000] {base.py:83} INFO - Using connection ID 'dvf_postgres' for task execution.
[2026-04-10T13:07:38.953+0000] {sql.py:450} INFO - Running statement: 
                SELECT code_postal, prix_m2_median, prix_m2_moyen, nb_transactions, surface_moyenne
                FROM prix_m2_arrondissement
                WHERE annee = 2023
                ORDER BY prix_m2_median DESC
                LIMIT 20
            , parameters: None
[2026-04-10T13:07:38.976+0000] {sql.py:459} INFO - Rows affected: 0
[2026-04-10T13:07:38.977+0000] {dag_dvf.py:331} INFO - 
========================================
RAPPORT DVF — Paris — 04/2026
========================================
CP         | Median (EUR/m2) | Moyen (EUR/m2)  | Trans.  | Surf. moy.
------------------------------------------------------------------------
========================================
Lignes traitées ce run : None
========================================

[2026-04-10T13:07:38.978+0000] {python.py:201} INFO - Done. Returned value was: 
========================================
RAPPORT DVF — Paris — 04/2026
========================================
CP         | Median (EUR/m2) | Moyen (EUR/m2)  | Trans.  | Surf. moy.
------------------------------------------------------------------------
========================================
Lignes traitées ce run : None
========================================

[2026-04-10T13:07:39.004+0000] {taskinstance.py:1138} INFO - Marking task as SUCCESS. dag_id=pipeline_dvf_immobilier, task_id=generer_rapport, execution_date=20260410T130049, start_date=20260410T130738, end_date=20260410T130739
[2026-04-10T13:07:39.044+0000] {local_task_job_runner.py:234} INFO - Task exited with return code 0
[2026-04-10T13:07:39.207+0000] {taskinstance.py:3280} INFO - 1 downstream tasks scheduled from follow-on schedule check
