[2026-04-10T13:43:47.356+0000] {taskinstance.py:1956} INFO - Dependencies all met for dep_context=non-requeueable deps ti=<TaskInstance: pipeline_dvf_immobilier.generer_rapport manual__2026-04-10T13:42:46.267158+00:00 [queued]>
[2026-04-10T13:43:47.370+0000] {taskinstance.py:1956} INFO - Dependencies all met for dep_context=requeueable deps ti=<TaskInstance: pipeline_dvf_immobilier.generer_rapport manual__2026-04-10T13:42:46.267158+00:00 [queued]>
[2026-04-10T13:43:47.371+0000] {taskinstance.py:2170} INFO - Starting attempt 1 of 2
[2026-04-10T13:43:47.386+0000] {taskinstance.py:2191} INFO - Executing <Task(_PythonDecoratedOperator): generer_rapport> on 2026-04-10 13:42:46.267158+00:00
[2026-04-10T13:43:47.392+0000] {standard_task_runner.py:60} INFO - Started process 691 to run task
[2026-04-10T13:43:47.394+0000] {standard_task_runner.py:87} INFO - Running: ['***', 'tasks', 'run', 'pipeline_dvf_immobilier', 'generer_rapport', 'manual__2026-04-10T13:42:46.267158+00:00', '--job-id', '28', '--raw', '--subdir', 'DAGS_FOLDER/dag_dvf.py', '--cfg-path', '/tmp/tmppdy_qw9c']
[2026-04-10T13:43:47.397+0000] {standard_task_runner.py:88} INFO - Job 28: Subtask generer_rapport
[2026-04-10T13:43:47.455+0000] {task_command.py:423} INFO - Running <TaskInstance: pipeline_dvf_immobilier.generer_rapport manual__2026-04-10T13:42:46.267158+00:00 [running]> on host 47d9fcb38104
[2026-04-10T13:43:47.699+0000] {taskinstance.py:2480} INFO - Exporting env vars: AIRFLOW_CTX_DAG_OWNER='antigravity' AIRFLOW_CTX_DAG_ID='pipeline_dvf_immobilier' AIRFLOW_CTX_TASK_ID='generer_rapport' AIRFLOW_CTX_EXECUTION_DATE='2026-04-10T13:42:46.267158+00:00' AIRFLOW_CTX_TRY_NUMBER='1' AIRFLOW_CTX_DAG_RUN_ID='manual__2026-04-10T13:42:46.267158+00:00'
[2026-04-10T13:43:47.701+0000] {crypto.py:82} WARNING - empty cryptography key - values will not be stored encrypted.
[2026-04-10T13:43:47.702+0000] {base.py:83} INFO - Using connection ID 'dvf_postgres' for task execution.
[2026-04-10T13:43:47.708+0000] {sql.py:450} INFO - Running statement: 
                SELECT code_postal, prix_m2_median, prix_m2_moyen, nb_transactions, surface_moyenne
                FROM prix_m2_arrondissement
                WHERE annee = 2023
                ORDER BY prix_m2_median DESC
                LIMIT 20
            , parameters: None
[2026-04-10T13:43:47.711+0000] {sql.py:459} INFO - Rows affected: 20
[2026-04-10T13:43:47.713+0000] {dag_dvf.py:353} INFO - 
========================================
RAPPORT DVF — Paris — 04/2026
========================================
CP         | Median (EUR/m2) | Moyen (EUR/m2)  | Trans.  | Surf. moy.
------------------------------------------------------------------------
75006      |           16186 |           80046 |     916 |     63.8 m²
75007      |           15302 |           29776 |    1036 |     78.9 m²
75004      |           13883 |           60392 |     594 |     52.7 m²
75008      |           13616 |           71235 |     700 |     83.0 m²
75001      |           13409 |           41163 |     407 |     57.8 m²
75005      |           12865 |           26980 |    1009 |     48.1 m²
75003      |           12830 |           50008 |     797 |     52.8 m²
75002      |           12008 |           27355 |     478 |     47.3 m²
75016      |           11759 |           41259 |    2729 |     84.3 m²
75009      |           11500 |           24930 |    1139 |     55.4 m²
75017      |           11011 |           32633 |    2763 |     55.5 m²
75011      |           10527 |           22221 |    2624 |     44.5 m²
75014      |           10409 |           32724 |    1776 |     45.0 m²
75010      |           10260 |           42764 |    1827 |     46.9 m²
75015      |           10156 |           20717 |    3264 |     49.8 m²
75012      |            9800 |          114734 |    1947 |     46.6 m²
75018      |            9797 |           23648 |    3556 |     40.2 m²
75013      |            9535 |          244531 |    1744 |     46.7 m²
75019      |            9217 |           69173 |    2030 |     44.2 m²
75020      |            8900 |           17250 |    2047 |     43.5 m²
========================================
Lignes traitées ce run : 20
========================================

[2026-04-10T13:43:47.713+0000] {python.py:201} INFO - Done. Returned value was: 
========================================
RAPPORT DVF — Paris — 04/2026
========================================
CP         | Median (EUR/m2) | Moyen (EUR/m2)  | Trans.  | Surf. moy.
------------------------------------------------------------------------
75006      |           16186 |           80046 |     916 |     63.8 m²
75007      |           15302 |           29776 |    1036 |     78.9 m²
75004      |           13883 |           60392 |     594 |     52.7 m²
75008      |           13616 |           71235 |     700 |     83.0 m²
75001      |           13409 |           41163 |     407 |     57.8 m²
75005      |           12865 |           26980 |    1009 |     48.1 m²
75003      |           12830 |           50008 |     797 |     52.8 m²
75002      |           12008 |           27355 |     478 |     47.3 m²
75016      |           11759 |           41259 |    2729 |     84.3 m²
75009      |           11500 |           24930 |    1139 |     55.4 m²
75017      |           11011 |           32633 |    2763 |     55.5 m²
75011      |           10527 |           22221 |    2624 |     44.5 m²
75014      |           10409 |           32724 |    1776 |     45.0 m²
75010      |           10260 |           42764 |    1827 |     46.9 m²
75015      |           10156 |           20717 |    3264 |     49.8 m²
75012      |            9800 |          114734 |    1947 |     46.6 m²
75018      |            9797 |           23648 |    3556 |     40.2 m²
75013      |            9535 |          244531 |    1744 |     46.7 m²
75019      |            9217 |           69173 |    2030 |     44.2 m²
75020      |            8900 |           17250 |    2047 |     43.5 m²
========================================
Lignes traitées ce run : 20
========================================

[2026-04-10T13:43:47.741+0000] {taskinstance.py:1138} INFO - Marking task as SUCCESS. dag_id=pipeline_dvf_immobilier, task_id=generer_rapport, execution_date=20260410T134246, start_date=20260410T134347, end_date=20260410T134347
[2026-04-10T13:43:47.768+0000] {local_task_job_runner.py:234} INFO - Task exited with return code 0
[2026-04-10T13:43:47.933+0000] {taskinstance.py:3280} INFO - 1 downstream tasks scheduled from follow-on schedule check
