[2026-04-10T12:43:14.262+0000] {manager.py:469} INFO - Processing files using up to 2 processes at a time 
[2026-04-10T12:43:14.263+0000] {manager.py:470} INFO - Process each file at most once every 30 seconds
[2026-04-10T12:43:14.264+0000] {manager.py:471} INFO - Checking for new files in /opt/airflow/dags every 300 seconds
[2026-04-10T12:43:14.264+0000] {manager.py:738} INFO - Searching for files in /opt/airflow/dags
[2026-04-10T12:43:14.280+0000] {manager.py:741} INFO - There are 1 files in /opt/airflow/dags
[2026-04-10T12:43:14.450+0000] {manager.py:879} INFO - 
================================================================================
DAG File Processing Stats

File Path                       PID  Runtime      # DAGs    # Errors  Last Runtime    Last Run
----------------------------  -----  ---------  --------  ----------  --------------  ----------
/opt/airflow/dags/dag_dvf.py    193  0.05s             0           0
================================================================================
[2026-04-10T12:43:44.603+0000] {manager.py:879} INFO - 
================================================================================
DAG File Processing Stats

File Path                     PID    Runtime      # DAGs    # Errors  Last Runtime    Last Run
----------------------------  -----  ---------  --------  ----------  --------------  -------------------
/opt/airflow/dags/dag_dvf.py                           1           0  1.42s           2026-04-10T12:43:15
================================================================================
[2026-04-10T12:44:15.094+0000] {manager.py:879} INFO - 
================================================================================
DAG File Processing Stats

File Path                     PID    Runtime      # DAGs    # Errors  Last Runtime    Last Run
----------------------------  -----  ---------  --------  ----------  --------------  -------------------
/opt/airflow/dags/dag_dvf.py                           1           0  0.36s           2026-04-10T12:43:46
================================================================================
[2026-04-10T12:44:45.590+0000] {manager.py:879} INFO - 
================================================================================
DAG File Processing Stats

File Path                     PID    Runtime      # DAGs    # Errors  Last Runtime    Last Run
----------------------------  -----  ---------  --------  ----------  --------------  -------------------
/opt/airflow/dags/dag_dvf.py                           1           0  0.36s           2026-04-10T12:44:16
================================================================================
[2026-04-10T12:45:16.111+0000] {manager.py:879} INFO - 
================================================================================
DAG File Processing Stats

File Path                     PID    Runtime      # DAGs    # Errors  Last Runtime    Last Run
----------------------------  -----  ---------  --------  ----------  --------------  -------------------
/opt/airflow/dags/dag_dvf.py                           1           0  0.33s           2026-04-10T12:44:47
================================================================================
[2026-04-10T12:45:46.590+0000] {manager.py:879} INFO - 
================================================================================
DAG File Processing Stats

File Path                     PID    Runtime      # DAGs    # Errors  Last Runtime    Last Run
----------------------------  -----  ---------  --------  ----------  --------------  -------------------
/opt/airflow/dags/dag_dvf.py                           1           0  0.36s           2026-04-10T12:45:17
================================================================================
[2026-04-10T12:46:17.122+0000] {manager.py:879} INFO - 
================================================================================
DAG File Processing Stats

File Path                     PID    Runtime      # DAGs    # Errors  Last Runtime    Last Run
----------------------------  -----  ---------  --------  ----------  --------------  -------------------
/opt/airflow/dags/dag_dvf.py                           1           0  0.36s           2026-04-10T12:45:48
================================================================================
[2026-04-10T12:46:47.597+0000] {manager.py:879} INFO - 
================================================================================
DAG File Processing Stats

File Path                     PID    Runtime      # DAGs    # Errors  Last Runtime    Last Run
----------------------------  -----  ---------  --------  ----------  --------------  -------------------
/opt/airflow/dags/dag_dvf.py                           1           0  0.33s           2026-04-10T12:46:18
================================================================================
[2026-04-10T12:47:18.081+0000] {manager.py:879} INFO - 
================================================================================
DAG File Processing Stats

File Path                     PID    Runtime      # DAGs    # Errors  Last Runtime    Last Run
----------------------------  -----  ---------  --------  ----------  --------------  -------------------
/opt/airflow/dags/dag_dvf.py                           1           0  0.37s           2026-04-10T12:46:49
================================================================================
[2026-04-10T12:47:48.608+0000] {manager.py:879} INFO - 
================================================================================
DAG File Processing Stats

File Path                     PID    Runtime      # DAGs    # Errors  Last Runtime    Last Run
----------------------------  -----  ---------  --------  ----------  --------------  -------------------
/opt/airflow/dags/dag_dvf.py                           1           0  0.32s           2026-04-10T12:47:19
================================================================================
[2026-04-10T12:48:14.419+0000] {manager.py:738} INFO - Searching for files in /opt/airflow/dags
[2026-04-10T12:48:14.437+0000] {manager.py:741} INFO - There are 1 files in /opt/airflow/dags
[2026-04-10T12:48:19.093+0000] {manager.py:879} INFO - 
================================================================================
DAG File Processing Stats

File Path                     PID    Runtime      # DAGs    # Errors  Last Runtime    Last Run
----------------------------  -----  ---------  --------  ----------  --------------  -------------------
/opt/airflow/dags/dag_dvf.py                           1           0  0.36s           2026-04-10T12:47:50
================================================================================
[2026-04-10T12:48:49.615+0000] {manager.py:879} INFO - 
================================================================================
DAG File Processing Stats

File Path                     PID    Runtime      # DAGs    # Errors  Last Runtime    Last Run
----------------------------  -----  ---------  --------  ----------  --------------  -------------------
/opt/airflow/dags/dag_dvf.py                           1           0  0.32s           2026-04-10T12:48:20
================================================================================
[2026-04-10T12:49:20.120+0000] {manager.py:879} INFO - 
================================================================================
DAG File Processing Stats

File Path                     PID    Runtime      # DAGs    # Errors  Last Runtime    Last Run
----------------------------  -----  ---------  --------  ----------  --------------  -------------------
/opt/airflow/dags/dag_dvf.py                           1           0  0.39s           2026-04-10T12:48:51
================================================================================
[2026-04-10T12:49:50.692+0000] {manager.py:879} INFO - 
================================================================================
DAG File Processing Stats

File Path                     PID    Runtime      # DAGs    # Errors  Last Runtime    Last Run
----------------------------  -----  ---------  --------  ----------  --------------  -------------------
/opt/airflow/dags/dag_dvf.py                           1           0  0.29s           2026-04-10T12:49:21
================================================================================
[2026-04-10T12:50:21.122+0000] {manager.py:879} INFO - 
================================================================================
DAG File Processing Stats

File Path                     PID    Runtime      # DAGs    # Errors  Last Runtime    Last Run
----------------------------  -----  ---------  --------  ----------  --------------  -------------------
/opt/airflow/dags/dag_dvf.py                           1           0  0.38s           2026-04-10T12:49:52
================================================================================
[2026-04-10T12:50:51.612+0000] {manager.py:879} INFO - 
================================================================================
DAG File Processing Stats

File Path                     PID    Runtime      # DAGs    # Errors  Last Runtime    Last Run
----------------------------  -----  ---------  --------  ----------  --------------  -------------------
/opt/airflow/dags/dag_dvf.py                           1           0  0.26s           2026-04-10T12:50:22
================================================================================
[2026-04-10T12:51:21.994+0000] {manager.py:879} INFO - 
================================================================================
DAG File Processing Stats

File Path                     PID    Runtime      # DAGs    # Errors  Last Runtime    Last Run
----------------------------  -----  ---------  --------  ----------  --------------  -------------------
/opt/airflow/dags/dag_dvf.py                           1           0  0.38s           2026-04-10T12:50:53
================================================================================
[2026-04-10T12:51:52.545+0000] {manager.py:879} INFO - 
================================================================================
DAG File Processing Stats

File Path                     PID    Runtime      # DAGs    # Errors  Last Runtime    Last Run
----------------------------  -----  ---------  --------  ----------  --------------  -------------------
/opt/airflow/dags/dag_dvf.py                           1           0  0.28s           2026-04-10T12:51:23
================================================================================
[2026-04-10T12:52:22.943+0000] {manager.py:879} INFO - 
================================================================================
DAG File Processing Stats

File Path                     PID    Runtime      # DAGs    # Errors  Last Runtime    Last Run
----------------------------  -----  ---------  --------  ----------  --------------  -------------------
/opt/airflow/dags/dag_dvf.py                           1           0  0.37s           2026-04-10T12:51:54
================================================================================
[2026-04-10T12:52:53.451+0000] {manager.py:879} INFO - 
================================================================================
DAG File Processing Stats

File Path                     PID    Runtime      # DAGs    # Errors  Last Runtime    Last Run
----------------------------  -----  ---------  --------  ----------  --------------  -------------------
/opt/airflow/dags/dag_dvf.py                           1           0  0.27s           2026-04-10T12:52:24
================================================================================
[2026-04-10T12:53:14.857+0000] {manager.py:738} INFO - Searching for files in /opt/airflow/dags
[2026-04-10T12:53:14.870+0000] {manager.py:741} INFO - There are 1 files in /opt/airflow/dags
[2026-04-10T12:53:23.922+0000] {manager.py:879} INFO - 
================================================================================
DAG File Processing Stats

File Path                     PID    Runtime      # DAGs    # Errors  Last Runtime    Last Run
----------------------------  -----  ---------  --------  ----------  --------------  -------------------
/opt/airflow/dags/dag_dvf.py                           1           0  0.38s           2026-04-10T12:52:55
================================================================================
[2026-04-10T12:53:54.401+0000] {manager.py:879} INFO - 
================================================================================
DAG File Processing Stats

File Path                     PID    Runtime      # DAGs    # Errors  Last Runtime    Last Run
----------------------------  -----  ---------  --------  ----------  --------------  -------------------
/opt/airflow/dags/dag_dvf.py                           1           0  0.29s           2026-04-10T12:53:25
================================================================================
[2026-04-10T12:54:24.805+0000] {manager.py:879} INFO - 
================================================================================
DAG File Processing Stats

File Path                     PID    Runtime      # DAGs    # Errors  Last Runtime    Last Run
----------------------------  -----  ---------  --------  ----------  --------------  -------------------
/opt/airflow/dags/dag_dvf.py                           1           0  0.39s           2026-04-10T12:53:56
================================================================================
[2026-04-10T12:54:55.364+0000] {manager.py:879} INFO - 
================================================================================
DAG File Processing Stats

File Path                     PID    Runtime      # DAGs    # Errors  Last Runtime    Last Run
----------------------------  -----  ---------  --------  ----------  --------------  -------------------
/opt/airflow/dags/dag_dvf.py                           1           0  0.29s           2026-04-10T12:54:26
================================================================================
[2026-04-10T12:55:25.781+0000] {manager.py:879} INFO - 
================================================================================
DAG File Processing Stats

File Path                     PID    Runtime      # DAGs    # Errors  Last Runtime    Last Run
----------------------------  -----  ---------  --------  ----------  --------------  -------------------
/opt/airflow/dags/dag_dvf.py                           1           0  0.43s           2026-04-10T12:54:57
================================================================================
[2026-04-10T12:55:56.391+0000] {manager.py:879} INFO - 
================================================================================
DAG File Processing Stats

File Path                     PID    Runtime      # DAGs    # Errors  Last Runtime    Last Run
----------------------------  -----  ---------  --------  ----------  --------------  -------------------
/opt/airflow/dags/dag_dvf.py                           1           0  0.29s           2026-04-10T12:55:27
================================================================================
[2026-04-10T12:56:26.802+0000] {manager.py:879} INFO - 
================================================================================
DAG File Processing Stats

File Path                     PID    Runtime      # DAGs    # Errors  Last Runtime    Last Run
----------------------------  -----  ---------  --------  ----------  --------------  -------------------
/opt/airflow/dags/dag_dvf.py                           1           0  0.40s           2026-04-10T12:55:58
================================================================================
[2026-04-10T12:56:57.355+0000] {manager.py:879} INFO - 
================================================================================
DAG File Processing Stats

File Path                     PID    Runtime      # DAGs    # Errors  Last Runtime    Last Run
----------------------------  -----  ---------  --------  ----------  --------------  -------------------
/opt/airflow/dags/dag_dvf.py                           1           0  0.30s           2026-04-10T12:56:28
================================================================================
[2026-04-10T12:57:27.832+0000] {manager.py:879} INFO - 
================================================================================
DAG File Processing Stats

File Path                     PID    Runtime      # DAGs    # Errors  Last Runtime    Last Run
----------------------------  -----  ---------  --------  ----------  --------------  -------------------
/opt/airflow/dags/dag_dvf.py                           1           0  0.40s           2026-04-10T12:56:59
================================================================================
[2026-04-10T12:57:58.391+0000] {manager.py:879} INFO - 
================================================================================
DAG File Processing Stats

File Path                     PID    Runtime      # DAGs    # Errors  Last Runtime    Last Run
----------------------------  -----  ---------  --------  ----------  --------------  -------------------
/opt/airflow/dags/dag_dvf.py                           1           0  0.29s           2026-04-10T12:57:29
================================================================================
[2026-04-10T12:58:15.106+0000] {manager.py:738} INFO - Searching for files in /opt/airflow/dags
[2026-04-10T12:58:15.144+0000] {manager.py:741} INFO - There are 1 files in /opt/airflow/dags
[2026-04-10T12:58:28.802+0000] {manager.py:879} INFO - 
================================================================================
DAG File Processing Stats

File Path                     PID    Runtime      # DAGs    # Errors  Last Runtime    Last Run
----------------------------  -----  ---------  --------  ----------  --------------  -------------------
/opt/airflow/dags/dag_dvf.py                           1           0  0.37s           2026-04-10T12:58:00
================================================================================
[2026-04-10T12:58:59.406+0000] {manager.py:879} INFO - 
================================================================================
DAG File Processing Stats

File Path                     PID    Runtime      # DAGs    # Errors  Last Runtime    Last Run
----------------------------  -----  ---------  --------  ----------  --------------  -------------------
/opt/airflow/dags/dag_dvf.py                           1           0  0.29s           2026-04-10T12:58:30
================================================================================
[2026-04-10T12:59:29.785+0000] {manager.py:879} INFO - 
================================================================================
DAG File Processing Stats

File Path                     PID    Runtime      # DAGs    # Errors  Last Runtime    Last Run
----------------------------  -----  ---------  --------  ----------  --------------  -------------------
/opt/airflow/dags/dag_dvf.py                           1           0  0.36s           2026-04-10T12:59:01
================================================================================
[2026-04-10T12:59:48.786+0000] {manager.py:451} INFO - Exiting gracefully upon receiving signal 15
